2019-02-06 09:51:40,005 INFO o.a.j.u.JMeterUtils: Setting Locale to en_EN
2019-02-06 09:51:40,196 INFO o.a.j.JMeter: Loading user properties from: /Users/cxc3533/apache-jmeter-5.0/bin/user.properties
2019-02-06 09:51:40,204 INFO o.a.j.JMeter: Loading system properties from: /Users/cxc3533/apache-jmeter-5.0/bin/system.properties
2019-02-06 09:51:40,210 INFO o.a.j.JMeter: Copyright (c) 1998-2018 The Apache Software Foundation
2019-02-06 09:51:40,210 INFO o.a.j.JMeter: Version 5.0 r1840935
2019-02-06 09:51:40,210 INFO o.a.j.JMeter: java.version=1.8.0_171
2019-02-06 09:51:40,210 INFO o.a.j.JMeter: java.vm.name=Java HotSpot(TM) 64-Bit Server VM
2019-02-06 09:51:40,210 INFO o.a.j.JMeter: os.name=Mac OS X
2019-02-06 09:51:40,210 INFO o.a.j.JMeter: os.arch=x86_64
2019-02-06 09:51:40,210 INFO o.a.j.JMeter: os.version=10.14.3
2019-02-06 09:51:40,210 INFO o.a.j.JMeter: file.encoding=UTF-8
2019-02-06 09:51:40,210 INFO o.a.j.JMeter: Max memory     =1073741824
2019-02-06 09:51:40,210 INFO o.a.j.JMeter: Available Processors =8
2019-02-06 09:51:40,218 INFO o.a.j.JMeter: Default Locale=English (EN)
2019-02-06 09:51:40,219 INFO o.a.j.JMeter: JMeter  Locale=English (EN)
2019-02-06 09:51:40,219 INFO o.a.j.JMeter: JMeterHome=/Users/cxc3533/apache-jmeter-5.0
2019-02-06 09:51:40,219 INFO o.a.j.JMeter: user.dir  =/Users/cxc3533/git/nexgen/proletariat
2019-02-06 09:51:40,219 INFO o.a.j.JMeter: PWD       =/Users/cxc3533/git/nexgen/proletariat
2019-02-06 09:51:40,237 INFO o.a.j.JMeter: IP: 172.27.155.69 Name: C02W12G5HTD6MBP FullName: c02w12g5htd6mbp.dv6598.homedepot.com
2019-02-06 09:51:43,718 INFO o.a.j.g.a.LookAndFeelCommand: Installing Darcula LAF
2019-02-06 09:51:43,740 INFO o.a.j.g.a.LookAndFeelCommand: Using look and feel: com.bulenkov.darcula.DarculaLaf [Darcula]
2019-02-06 09:51:43,740 INFO o.a.j.JMeter: Setting LAF to: com.bulenkov.darcula.DarculaLaf
2019-02-06 09:51:43,836 INFO o.a.j.JMeter: Loaded icon properties from org/apache/jmeter/images/icon.properties
2019-02-06 09:51:44,283 INFO o.a.j.e.u.CompoundVariable: Note: Function class names must contain the string: '.functions.'
2019-02-06 09:51:44,283 INFO o.a.j.e.u.CompoundVariable: Note: Function class names must not contain the string: '.gui.'
2019-02-06 09:51:45,832 INFO o.a.j.p.h.s.HTTPSamplerBase: Parser for text/html is org.apache.jmeter.protocol.http.parser.LagartoBasedHtmlParser
2019-02-06 09:51:45,832 INFO o.a.j.p.h.s.HTTPSamplerBase: Parser for application/xhtml+xml is org.apache.jmeter.protocol.http.parser.LagartoBasedHtmlParser
2019-02-06 09:51:45,832 INFO o.a.j.p.h.s.HTTPSamplerBase: Parser for application/xml is org.apache.jmeter.protocol.http.parser.LagartoBasedHtmlParser
2019-02-06 09:51:45,832 INFO o.a.j.p.h.s.HTTPSamplerBase: Parser for text/xml is org.apache.jmeter.protocol.http.parser.LagartoBasedHtmlParser
2019-02-06 09:51:45,832 INFO o.a.j.p.h.s.HTTPSamplerBase: Parser for text/vnd.wap.wml is org.apache.jmeter.protocol.http.parser.RegexpHTMLParser
2019-02-06 09:51:45,832 INFO o.a.j.p.h.s.HTTPSamplerBase: Parser for text/css is org.apache.jmeter.protocol.http.parser.CssParser
2019-02-06 09:51:46,223 INFO o.a.j.e.KeyToolUtils: keytool found at 'keytool'
2019-02-06 09:51:46,223 INFO o.a.j.p.h.p.ProxyControl: HTTP(S) Test Script Recorder SSL Proxy will use keys that support embedded 3rd party resources in file /Users/cxc3533/apache-jmeter-5.0/bin/proxyserver.jks
2019-02-06 09:51:46,341 INFO o.a.j.s.FileServer: Default base='/Users/cxc3533/git/nexgen/proletariat'
2019-02-06 09:51:46,592 INFO o.a.j.s.SampleResult: Note: Sample TimeStamps are START times
2019-02-06 09:51:46,592 INFO o.a.j.s.SampleResult: sampleresult.default.encoding is set to ISO-8859-1
2019-02-06 09:51:46,592 INFO o.a.j.s.SampleResult: sampleresult.useNanoTime=true
2019-02-06 09:51:46,592 INFO o.a.j.s.SampleResult: sampleresult.nanoThreadSleep=5000
2019-02-06 09:51:54,848 INFO o.a.j.g.a.Load: Loading file: /Users/cxc3533/build-web-test-plan.jmx
2019-02-06 09:51:54,849 INFO o.a.j.s.FileServer: Set new base='/Users/cxc3533'
2019-02-06 09:51:55,025 INFO o.a.j.s.SaveService: Testplan (JMX) version: 2.2. Testlog (JTL) version: 2.2
2019-02-06 09:51:55,081 INFO o.a.j.s.SaveService: Using SaveService properties file encoding UTF-8
2019-02-06 09:51:55,082 INFO o.a.j.s.SaveService: Using SaveService properties version 5.0
2019-02-06 09:51:55,084 INFO o.a.j.s.SaveService: Loading file: /Users/cxc3533/build-web-test-plan.jmx
2019-02-06 09:51:55,136 INFO o.a.j.p.h.c.CookieManager: Settings: Delete null: true Check: true Allow variable: true Save: false Prefix: COOKIE_
2019-02-06 09:51:55,212 INFO o.a.j.s.FileServer: Set new base='/Users/cxc3533'
2019-02-06 09:53:43,392 INFO o.a.j.e.StandardJMeterEngine: Running the test!
2019-02-06 09:53:43,394 INFO o.a.j.s.SampleEvent: List of sample_variables: []
2019-02-06 09:53:43,394 INFO o.a.j.s.SampleEvent: List of sample_variables: []
2019-02-06 09:53:43,401 INFO o.a.j.g.u.JMeterMenuBar: setRunning(true, *local*)
2019-02-06 09:53:43,511 INFO o.a.j.e.StandardJMeterEngine: Starting ThreadGroup: 1 : Scenario 1
2019-02-06 09:53:43,512 INFO o.a.j.e.StandardJMeterEngine: Starting 20 threads for group Scenario 1.
2019-02-06 09:53:43,512 INFO o.a.j.e.StandardJMeterEngine: Thread will continue on error
2019-02-06 09:53:43,512 INFO o.a.j.t.ThreadGroup: Starting thread group... number=1 threads=20 ramp-up=1 perThread=50.0 delayedStart=false
2019-02-06 09:53:43,516 INFO o.a.j.t.JMeterThread: Thread started: Scenario 1 1-1
2019-02-06 09:53:43,525 INFO o.a.j.t.ThreadGroup: Started thread group number 1
2019-02-06 09:53:43,526 INFO o.a.j.e.StandardJMeterEngine: All thread groups have been started
2019-02-06 09:53:43,534 INFO o.a.j.p.h.s.HTTPHCAbstractImpl: Local host = C02W12G5HTD6MBP
2019-02-06 09:53:43,539 INFO o.a.j.p.h.s.HTTPHC4Impl: HTTP request retry count = 0
2019-02-06 09:53:43,568 INFO o.a.j.t.JMeterThread: Thread started: Scenario 1 1-2
2019-02-06 09:53:43,619 INFO o.a.j.t.JMeterThread: Thread started: Scenario 1 1-3
2019-02-06 09:53:43,632 INFO o.a.j.u.JsseSSLManager: Using default SSL protocol: TLS
2019-02-06 09:53:43,633 INFO o.a.j.u.JsseSSLManager: SSL session context: per-thread
2019-02-06 09:53:43,669 INFO o.a.j.t.JMeterThread: Thread started: Scenario 1 1-4
2019-02-06 09:53:43,720 INFO o.a.j.t.JMeterThread: Thread started: Scenario 1 1-5
2019-02-06 09:53:43,771 INFO o.a.j.t.JMeterThread: Thread started: Scenario 1 1-6
2019-02-06 09:53:43,821 INFO o.a.j.t.JMeterThread: Thread started: Scenario 1 1-7
2019-02-06 09:53:43,871 INFO o.a.j.t.JMeterThread: Thread started: Scenario 1 1-8
2019-02-06 09:53:43,921 INFO o.a.j.t.JMeterThread: Thread started: Scenario 1 1-9
2019-02-06 09:53:43,972 INFO o.a.j.t.JMeterThread: Thread started: Scenario 1 1-10
2019-02-06 09:53:44,026 INFO o.a.j.t.JMeterThread: Thread started: Scenario 1 1-11
2019-02-06 09:53:44,074 INFO o.a.j.t.JMeterThread: Thread started: Scenario 1 1-12
2019-02-06 09:53:44,124 INFO o.a.j.t.JMeterThread: Thread started: Scenario 1 1-13
2019-02-06 09:53:44,176 INFO o.a.j.t.JMeterThread: Thread started: Scenario 1 1-14
2019-02-06 09:53:44,224 INFO o.a.j.t.JMeterThread: Thread started: Scenario 1 1-15
2019-02-06 09:53:44,277 INFO o.a.j.t.JMeterThread: Thread started: Scenario 1 1-16
2019-02-06 09:53:44,325 INFO o.a.j.t.JMeterThread: Thread started: Scenario 1 1-17
2019-02-06 09:53:44,375 INFO o.a.j.t.JMeterThread: Thread started: Scenario 1 1-18
2019-02-06 09:53:44,426 INFO o.a.j.t.JMeterThread: Thread started: Scenario 1 1-19
2019-02-06 09:53:44,476 INFO o.a.j.t.JMeterThread: Thread started: Scenario 1 1-20
2019-02-06 09:59:07,674 INFO o.a.j.g.a.Start: Stopping test
2019-02-06 09:59:07,699 INFO o.a.j.t.JMeterThread: Stopping: Scenario 1 1-13
2019-02-06 09:59:07,700 WARN o.a.j.t.JMeterThread: Interrupting: Scenario 1 1-13 sampler: Home Page
2019-02-06 09:59:07,701 INFO o.a.j.t.JMeterThread: Stopping: Scenario 1 1-20
2019-02-06 09:59:07,701 WARN o.a.j.t.JMeterThread: Interrupting: Scenario 1 1-20 sampler: Home Page
2019-02-06 09:59:07,702 INFO o.a.j.t.JMeterThread: Stopping: Scenario 1 1-7
2019-02-06 09:59:07,702 WARN o.a.j.t.JMeterThread: Interrupting: Scenario 1 1-7 sampler: Home Page
2019-02-06 09:59:07,703 INFO o.a.j.t.JMeterThread: Stopping: Scenario 1 1-12
2019-02-06 09:59:07,704 WARN o.a.j.t.JMeterThread: Interrupting: Scenario 1 1-12 sampler: Home Page
2019-02-06 09:59:07,704 INFO o.a.j.t.JMeterThread: Thread finished: Scenario 1 1-13
2019-02-06 09:59:07,704 INFO o.a.j.t.JMeterThread: Thread finished: Scenario 1 1-20
2019-02-06 09:59:07,704 INFO o.a.j.t.JMeterThread: Stopping: Scenario 1 1-1
2019-02-06 09:59:07,704 WARN o.a.j.t.JMeterThread: Interrupting: Scenario 1 1-1 sampler: Home Page
2019-02-06 09:59:07,706 INFO o.a.j.t.JMeterThread: Thread finished: Scenario 1 1-7
2019-02-06 09:59:07,706 INFO o.a.j.t.JMeterThread: Stopping: Scenario 1 1-18
2019-02-06 09:59:07,706 WARN o.a.j.t.JMeterThread: Interrupting: Scenario 1 1-18 sampler: Home Page
2019-02-06 09:59:07,706 INFO o.a.j.t.JMeterThread: Thread finished: Scenario 1 1-12
2019-02-06 09:59:07,707 INFO o.a.j.t.JMeterThread: Stopping: Scenario 1 1-15
2019-02-06 09:59:07,707 WARN o.a.j.t.JMeterThread: Interrupting: Scenario 1 1-15 sampler: Home Page
2019-02-06 09:59:07,708 INFO o.a.j.t.JMeterThread: Thread finished: Scenario 1 1-1
2019-02-06 09:59:07,708 INFO o.a.j.t.JMeterThread: Stopping: Scenario 1 1-16
2019-02-06 09:59:07,708 WARN o.a.j.t.JMeterThread: Interrupting: Scenario 1 1-16 sampler: Home Page
2019-02-06 09:59:07,709 INFO o.a.j.t.JMeterThread: Stopping: Scenario 1 1-9
2019-02-06 09:59:07,709 INFO o.a.j.t.JMeterThread: Thread finished: Scenario 1 1-18
2019-02-06 09:59:07,709 WARN o.a.j.t.JMeterThread: Interrupting: Scenario 1 1-9 sampler: Home Page
2019-02-06 09:59:07,710 INFO o.a.j.t.JMeterThread: Thread finished: Scenario 1 1-15
2019-02-06 09:59:07,710 INFO o.a.j.t.JMeterThread: Stopping: Scenario 1 1-4
2019-02-06 09:59:07,710 WARN o.a.j.t.JMeterThread: Interrupting: Scenario 1 1-4 sampler: Home Page
2019-02-06 09:59:07,712 INFO o.a.j.t.JMeterThread: Stopping: Scenario 1 1-8
2019-02-06 09:59:07,712 INFO o.a.j.t.JMeterThread: Thread finished: Scenario 1 1-16
2019-02-06 09:59:07,712 WARN o.a.j.t.JMeterThread: Interrupting: Scenario 1 1-8 sampler: Home Page
2019-02-06 09:59:07,713 INFO o.a.j.t.JMeterThread: Stopping: Scenario 1 1-10
2019-02-06 09:59:07,713 INFO o.a.j.t.JMeterThread: Thread finished: Scenario 1 1-9
2019-02-06 09:59:07,713 WARN o.a.j.t.JMeterThread: Interrupting: Scenario 1 1-10 sampler: Home Page
2019-02-06 09:59:07,714 INFO o.a.j.t.JMeterThread: Stopping: Scenario 1 1-11
2019-02-06 09:59:07,714 INFO o.a.j.t.JMeterThread: Thread finished: Scenario 1 1-4
2019-02-06 09:59:07,714 WARN o.a.j.t.JMeterThread: Interrupting: Scenario 1 1-11 sampler: Home Page
2019-02-06 09:59:07,715 INFO o.a.j.t.JMeterThread: Stopping: Scenario 1 1-6
2019-02-06 09:59:07,715 WARN o.a.j.t.JMeterThread: Interrupting: Scenario 1 1-6 sampler: Home Page
2019-02-06 09:59:07,715 INFO o.a.j.t.JMeterThread: Thread finished: Scenario 1 1-8
2019-02-06 09:59:07,715 INFO o.a.j.t.JMeterThread: Stopping: Scenario 1 1-2
2019-02-06 09:59:07,715 INFO o.a.j.t.JMeterThread: Thread finished: Scenario 1 1-10
2019-02-06 09:59:07,715 WARN o.a.j.t.JMeterThread: Interrupting: Scenario 1 1-2 sampler: Home Page
2019-02-06 09:59:07,716 INFO o.a.j.t.JMeterThread: Stopping: Scenario 1 1-19
2019-02-06 09:59:07,717 INFO o.a.j.t.JMeterThread: Thread finished: Scenario 1 1-11
2019-02-06 09:59:07,717 WARN o.a.j.t.JMeterThread: Interrupting: Scenario 1 1-19 sampler: Home Page
2019-02-06 09:59:07,717 INFO o.a.j.t.JMeterThread: Thread finished: Scenario 1 1-6
2019-02-06 09:59:07,718 INFO o.a.j.t.JMeterThread: Stopping: Scenario 1 1-3
2019-02-06 09:59:07,718 WARN o.a.j.t.JMeterThread: Interrupting: Scenario 1 1-3 sampler: Home Page
2019-02-06 09:59:07,718 INFO o.a.j.t.JMeterThread: Stopping: Scenario 1 1-17
2019-02-06 09:59:07,719 WARN o.a.j.t.JMeterThread: Interrupting: Scenario 1 1-17 sampler: Home Page
2019-02-06 09:59:07,718 INFO o.a.j.t.JMeterThread: Thread finished: Scenario 1 1-2
2019-02-06 09:59:07,719 INFO o.a.j.t.JMeterThread: Stopping: Scenario 1 1-14
2019-02-06 09:59:07,719 WARN o.a.j.t.JMeterThread: Interrupting: Scenario 1 1-14 sampler: Home Page
2019-02-06 09:59:07,719 INFO o.a.j.t.JMeterThread: Thread finished: Scenario 1 1-19
2019-02-06 09:59:07,720 INFO o.a.j.t.JMeterThread: Stopping: Scenario 1 1-5
2019-02-06 09:59:07,720 INFO o.a.j.t.JMeterThread: Thread finished: Scenario 1 1-3
2019-02-06 09:59:07,720 WARN o.a.j.t.JMeterThread: Interrupting: Scenario 1 1-5 sampler: Home Page
2019-02-06 09:59:07,721 INFO o.a.j.t.JMeterThread: Thread finished: Scenario 1 1-17
2019-02-06 09:59:07,722 INFO o.a.j.t.JMeterThread: Thread finished: Scenario 1 1-14
2019-02-06 09:59:07,722 INFO o.a.j.t.JMeterThread: Thread finished: Scenario 1 1-5
2019-02-06 09:59:07,722 INFO o.a.j.e.StandardJMeterEngine: Notifying test listeners of end of test
2019-02-06 09:59:07,722 INFO o.a.j.g.u.JMeterMenuBar: setRunning(false, *local*)
2019-02-06 10:20:36,256 INFO o.a.j.e.StandardJMeterEngine: Running the test!
2019-02-06 10:20:36,256 INFO o.a.j.s.SampleEvent: List of sample_variables: []
2019-02-06 10:20:36,257 INFO o.a.j.g.u.JMeterMenuBar: setRunning(true, *local*)
2019-02-06 10:20:36,388 INFO o.a.j.e.StandardJMeterEngine: Starting ThreadGroup: 1 : Scenario 1
2019-02-06 10:20:36,388 INFO o.a.j.e.StandardJMeterEngine: Starting 20 threads for group Scenario 1.
2019-02-06 10:20:36,388 INFO o.a.j.e.StandardJMeterEngine: Thread will continue on error
2019-02-06 10:20:36,388 INFO o.a.j.t.ThreadGroup: Starting thread group... number=1 threads=20 ramp-up=1 perThread=50.0 delayedStart=false
2019-02-06 10:20:36,389 INFO o.a.j.t.JMeterThread: Thread started: Scenario 1 1-1
2019-02-06 10:20:36,393 INFO o.a.j.t.ThreadGroup: Started thread group number 1
2019-02-06 10:20:36,393 INFO o.a.j.e.StandardJMeterEngine: All thread groups have been started
2019-02-06 10:20:36,439 INFO o.a.j.t.JMeterThread: Thread started: Scenario 1 1-2
2019-02-06 10:20:36,490 INFO o.a.j.t.JMeterThread: Thread started: Scenario 1 1-3
2019-02-06 10:20:36,540 INFO o.a.j.t.JMeterThread: Thread started: Scenario 1 1-4
2019-02-06 10:20:36,590 INFO o.a.j.t.JMeterThread: Thread started: Scenario 1 1-5
2019-02-06 10:20:36,641 INFO o.a.j.t.JMeterThread: Thread started: Scenario 1 1-6
2019-02-06 10:20:36,691 INFO o.a.j.t.JMeterThread: Thread started: Scenario 1 1-7
2019-02-06 10:20:36,741 INFO o.a.j.t.JMeterThread: Thread started: Scenario 1 1-8
2019-02-06 10:20:36,791 INFO o.a.j.t.JMeterThread: Thread started: Scenario 1 1-9
2019-02-06 10:20:36,842 INFO o.a.j.t.JMeterThread: Thread started: Scenario 1 1-10
2019-02-06 10:20:36,895 INFO o.a.j.t.JMeterThread: Thread started: Scenario 1 1-11
2019-02-06 10:20:36,942 INFO o.a.j.t.JMeterThread: Thread started: Scenario 1 1-12
2019-02-06 10:20:36,996 INFO o.a.j.t.JMeterThread: Thread started: Scenario 1 1-13
2019-02-06 10:20:37,043 INFO o.a.j.t.JMeterThread: Thread started: Scenario 1 1-14
2019-02-06 10:20:37,093 INFO o.a.j.t.JMeterThread: Thread started: Scenario 1 1-15
2019-02-06 10:20:37,143 INFO o.a.j.t.JMeterThread: Thread started: Scenario 1 1-16
2019-02-06 10:20:37,194 INFO o.a.j.t.JMeterThread: Thread started: Scenario 1 1-17
2019-02-06 10:20:37,243 INFO o.a.j.t.JMeterThread: Thread started: Scenario 1 1-18
2019-02-06 10:20:37,295 INFO o.a.j.t.JMeterThread: Thread started: Scenario 1 1-19
2019-02-06 10:20:37,345 INFO o.a.j.t.JMeterThread: Thread started: Scenario 1 1-20
2019-02-06 10:27:47,435 INFO o.a.j.g.a.Start: Stopping test
2019-02-06 10:27:47,463 INFO o.a.j.t.JMeterThread: Stopping: Scenario 1 1-19
2019-02-06 10:27:47,463 WARN o.a.j.t.JMeterThread: Interrupting: Scenario 1 1-19 sampler: Home Page
2019-02-06 10:27:47,464 INFO o.a.j.t.JMeterThread: Stopping: Scenario 1 1-6
2019-02-06 10:27:47,464 WARN o.a.j.t.JMeterThread: Interrupting: Scenario 1 1-6 sampler: Home Page
2019-02-06 10:27:47,465 INFO o.a.j.t.JMeterThread: Stopping: Scenario 1 1-11
2019-02-06 10:27:47,465 WARN o.a.j.t.JMeterThread: Interrupting: Scenario 1 1-11 sampler: Home Page
2019-02-06 10:27:47,466 INFO o.a.j.t.JMeterThread: Thread finished: Scenario 1 1-19
2019-02-06 10:27:47,466 INFO o.a.j.t.JMeterThread: Stopping: Scenario 1 1-14
2019-02-06 10:27:47,467 WARN o.a.j.t.JMeterThread: Interrupting: Scenario 1 1-14 sampler: Home Page
2019-02-06 10:27:47,467 INFO o.a.j.t.JMeterThread: Thread finished: Scenario 1 1-6
2019-02-06 10:27:47,468 INFO o.a.j.t.JMeterThread: Stopping: Scenario 1 1-10
2019-02-06 10:27:47,468 WARN o.a.j.t.JMeterThread: Interrupting: Scenario 1 1-10 sampler: Home Page
2019-02-06 10:27:47,468 INFO o.a.j.t.JMeterThread: Thread finished: Scenario 1 1-11
2019-02-06 10:27:47,469 INFO o.a.j.t.JMeterThread: Stopping: Scenario 1 1-13
2019-02-06 10:27:47,469 WARN o.a.j.t.JMeterThread: Interrupting: Scenario 1 1-13 sampler: Home Page
2019-02-06 10:27:47,469 INFO o.a.j.t.JMeterThread: Thread finished: Scenario 1 1-14
2019-02-06 10:27:47,470 INFO o.a.j.t.JMeterThread: Thread finished: Scenario 1 1-10
2019-02-06 10:27:47,470 INFO o.a.j.t.JMeterThread: Stopping: Scenario 1 1-4
2019-02-06 10:27:47,470 WARN o.a.j.t.JMeterThread: Interrupting: Scenario 1 1-4 sampler: Home Page
2019-02-06 10:27:47,471 INFO o.a.j.t.JMeterThread: Stopping: Scenario 1 1-8
2019-02-06 10:27:47,471 WARN o.a.j.t.JMeterThread: Interrupting: Scenario 1 1-8 sampler: Home Page
2019-02-06 10:27:47,472 INFO o.a.j.t.JMeterThread: Thread finished: Scenario 1 1-13
2019-02-06 10:27:47,473 INFO o.a.j.t.JMeterThread: Stopping: Scenario 1 1-17
2019-02-06 10:27:47,473 INFO o.a.j.t.JMeterThread: Thread finished: Scenario 1 1-4
2019-02-06 10:27:47,473 WARN o.a.j.t.JMeterThread: Interrupting: Scenario 1 1-17 sampler: Home Page
2019-02-06 10:27:47,474 INFO o.a.j.t.JMeterThread: Stopping: Scenario 1 1-18
2019-02-06 10:27:47,474 WARN o.a.j.t.JMeterThread: Interrupting: Scenario 1 1-18 sampler: Home Page
2019-02-06 10:27:47,474 INFO o.a.j.t.JMeterThread: Thread finished: Scenario 1 1-8
2019-02-06 10:27:47,475 INFO o.a.j.t.JMeterThread: Stopping: Scenario 1 1-7
2019-02-06 10:27:47,475 WARN o.a.j.t.JMeterThread: Interrupting: Scenario 1 1-7 sampler: Home Page
2019-02-06 10:27:47,475 INFO o.a.j.t.JMeterThread: Thread finished: Scenario 1 1-17
2019-02-06 10:27:47,476 INFO o.a.j.t.JMeterThread: Stopping: Scenario 1 1-5
2019-02-06 10:27:47,476 WARN o.a.j.t.JMeterThread: Interrupting: Scenario 1 1-5 sampler: Home Page
2019-02-06 10:27:47,476 INFO o.a.j.t.JMeterThread: Thread finished: Scenario 1 1-18
2019-02-06 10:27:47,477 INFO o.a.j.t.JMeterThread: Stopping: Scenario 1 1-2
2019-02-06 10:27:47,477 WARN o.a.j.t.JMeterThread: Interrupting: Scenario 1 1-2 sampler: Home Page
2019-02-06 10:27:47,477 INFO o.a.j.t.JMeterThread: Thread finished: Scenario 1 1-7
2019-02-06 10:27:47,477 INFO o.a.j.t.JMeterThread: Stopping: Scenario 1 1-1
2019-02-06 10:27:47,478 WARN o.a.j.t.JMeterThread: Interrupting: Scenario 1 1-1 sampler: Home Page
2019-02-06 10:27:47,478 INFO o.a.j.t.JMeterThread: Thread finished: Scenario 1 1-5
2019-02-06 10:27:47,478 INFO o.a.j.t.JMeterThread: Stopping: Scenario 1 1-12
2019-02-06 10:27:47,478 WARN o.a.j.t.JMeterThread: Interrupting: Scenario 1 1-12 sampler: Home Page
2019-02-06 10:27:47,479 INFO o.a.j.t.JMeterThread: Thread finished: Scenario 1 1-2
2019-02-06 10:27:47,479 INFO o.a.j.t.JMeterThread: Thread finished: Scenario 1 1-1
2019-02-06 10:27:47,479 INFO o.a.j.t.JMeterThread: Stopping: Scenario 1 1-9
2019-02-06 10:27:47,481 WARN o.a.j.t.JMeterThread: Interrupting: Scenario 1 1-9 sampler: Home Page
2019-02-06 10:27:47,481 INFO o.a.j.t.JMeterThread: Thread finished: Scenario 1 1-12
2019-02-06 10:27:47,481 INFO o.a.j.t.JMeterThread: Stopping: Scenario 1 1-16
2019-02-06 10:27:47,481 WARN o.a.j.t.JMeterThread: Interrupting: Scenario 1 1-16 sampler: Home Page
2019-02-06 10:27:47,482 INFO o.a.j.t.JMeterThread: Stopping: Scenario 1 1-20
2019-02-06 10:27:47,482 WARN o.a.j.t.JMeterThread: Interrupting: Scenario 1 1-20 sampler: Home Page
2019-02-06 10:27:47,482 INFO o.a.j.t.JMeterThread: Thread finished: Scenario 1 1-9
2019-02-06 10:27:47,483 INFO o.a.j.t.JMeterThread: Stopping: Scenario 1 1-3
2019-02-06 10:27:47,483 WARN o.a.j.t.JMeterThread: Interrupting: Scenario 1 1-3 sampler: Home Page
2019-02-06 10:27:47,483 INFO o.a.j.t.JMeterThread: Thread finished: Scenario 1 1-16
2019-02-06 10:27:47,484 INFO o.a.j.t.JMeterThread: Stopping: Scenario 1 1-15
2019-02-06 10:27:47,484 WARN o.a.j.t.JMeterThread: Interrupting: Scenario 1 1-15 sampler: Home Page
2019-02-06 10:27:47,484 INFO o.a.j.t.JMeterThread: Thread finished: Scenario 1 1-20
2019-02-06 10:27:47,485 INFO o.a.j.t.JMeterThread: Thread finished: Scenario 1 1-3
2019-02-06 10:27:47,485 INFO o.a.j.t.JMeterThread: Thread finished: Scenario 1 1-15
2019-02-06 10:27:47,485 INFO o.a.j.e.StandardJMeterEngine: Notifying test listeners of end of test
2019-02-06 10:27:47,485 INFO o.a.j.g.u.JMeterMenuBar: setRunning(false, *local*)
2019-02-06 10:28:20,162 INFO o.a.j.e.StandardJMeterEngine: Running the test!
2019-02-06 10:28:20,163 INFO o.a.j.s.SampleEvent: List of sample_variables: []
2019-02-06 10:28:20,164 INFO o.a.j.g.u.JMeterMenuBar: setRunning(true, *local*)
2019-02-06 10:28:20,351 INFO o.a.j.e.StandardJMeterEngine: Starting ThreadGroup: 1 : Scenario 1
2019-02-06 10:28:20,352 INFO o.a.j.e.StandardJMeterEngine: Starting 20 threads for group Scenario 1.
2019-02-06 10:28:20,352 INFO o.a.j.e.StandardJMeterEngine: Thread will continue on error
2019-02-06 10:28:20,352 INFO o.a.j.t.ThreadGroup: Starting thread group... number=1 threads=20 ramp-up=1 perThread=50.0 delayedStart=false
2019-02-06 10:28:20,352 INFO o.a.j.t.JMeterThread: Thread started: Scenario 1 1-1
2019-02-06 10:28:20,357 INFO o.a.j.t.ThreadGroup: Started thread group number 1
2019-02-06 10:28:20,357 INFO o.a.j.e.StandardJMeterEngine: All thread groups have been started
2019-02-06 10:28:20,403 INFO o.a.j.t.JMeterThread: Thread started: Scenario 1 1-2
2019-02-06 10:28:20,454 INFO o.a.j.t.JMeterThread: Thread started: Scenario 1 1-3
2019-02-06 10:28:20,503 INFO o.a.j.t.JMeterThread: Thread started: Scenario 1 1-4
2019-02-06 10:28:20,554 INFO o.a.j.t.JMeterThread: Thread started: Scenario 1 1-5
2019-02-06 10:28:20,604 INFO o.a.j.t.JMeterThread: Thread started: Scenario 1 1-6
2019-02-06 10:28:20,654 INFO o.a.j.t.JMeterThread: Thread started: Scenario 1 1-7
2019-02-06 10:28:20,704 INFO o.a.j.t.JMeterThread: Thread started: Scenario 1 1-8
2019-02-06 10:28:20,755 INFO o.a.j.t.JMeterThread: Thread started: Scenario 1 1-9
2019-02-06 10:28:20,805 INFO o.a.j.t.JMeterThread: Thread started: Scenario 1 1-10
2019-02-06 10:28:20,855 INFO o.a.j.t.JMeterThread: Thread started: Scenario 1 1-11
2019-02-06 10:28:20,905 INFO o.a.j.t.JMeterThread: Thread started: Scenario 1 1-12
2019-02-06 10:28:20,956 INFO o.a.j.t.JMeterThread: Thread started: Scenario 1 1-13
2019-02-06 10:28:21,006 INFO o.a.j.t.JMeterThread: Thread started: Scenario 1 1-14
2019-02-06 10:28:21,057 INFO o.a.j.t.JMeterThread: Thread started: Scenario 1 1-15
2019-02-06 10:28:21,110 INFO o.a.j.t.JMeterThread: Thread started: Scenario 1 1-16
2019-02-06 10:28:21,159 INFO o.a.j.t.JMeterThread: Thread started: Scenario 1 1-17
2019-02-06 10:28:21,207 INFO o.a.j.t.JMeterThread: Thread started: Scenario 1 1-18
2019-02-06 10:28:21,257 INFO o.a.j.t.JMeterThread: Thread started: Scenario 1 1-19
2019-02-06 10:28:21,307 INFO o.a.j.t.JMeterThread: Thread started: Scenario 1 1-20
2019-02-06 10:33:33,223 INFO o.a.j.g.a.Start: Stopping test
2019-02-06 10:33:33,251 INFO o.a.j.t.JMeterThread: Stopping: Scenario 1 1-8
2019-02-06 10:33:33,252 WARN o.a.j.t.JMeterThread: Interrupting: Scenario 1 1-8 sampler: Home Page
2019-02-06 10:33:33,253 INFO o.a.j.t.JMeterThread: Stopping: Scenario 1 1-9
2019-02-06 10:33:33,253 WARN o.a.j.t.JMeterThread: Interrupting: Scenario 1 1-9 sampler: Home Page
2019-02-06 10:33:33,254 INFO o.a.j.t.JMeterThread: Thread finished: Scenario 1 1-8
2019-02-06 10:33:33,255 INFO o.a.j.t.JMeterThread: Stopping: Scenario 1 1-13
2019-02-06 10:33:33,255 WARN o.a.j.t.JMeterThread: Interrupting: Scenario 1 1-13 sampler: Home Page
2019-02-06 10:33:33,256 INFO o.a.j.t.JMeterThread: Stopping: Scenario 1 1-7
2019-02-06 10:33:33,256 INFO o.a.j.t.JMeterThread: Thread finished: Scenario 1 1-9
2019-02-06 10:33:33,256 WARN o.a.j.t.JMeterThread: Interrupting: Scenario 1 1-7 sampler: Home Page
2019-02-06 10:33:33,257 INFO o.a.j.t.JMeterThread: Thread finished: Scenario 1 1-13
2019-02-06 10:33:33,257 INFO o.a.j.t.JMeterThread: Stopping: Scenario 1 1-5
2019-02-06 10:33:33,257 WARN o.a.j.t.JMeterThread: Interrupting: Scenario 1 1-5 sampler: Home Page
2019-02-06 10:33:33,258 INFO o.a.j.t.JMeterThread: Thread finished: Scenario 1 1-7
2019-02-06 10:33:33,258 INFO o.a.j.t.JMeterThread: Stopping: Scenario 1 1-14
2019-02-06 10:33:33,258 WARN o.a.j.t.JMeterThread: Interrupting: Scenario 1 1-14 sampler: Home Page
2019-02-06 10:33:33,259 INFO o.a.j.t.JMeterThread: Thread finished: Scenario 1 1-5
2019-02-06 10:33:33,259 INFO o.a.j.t.JMeterThread: Stopping: Scenario 1 1-4
2019-02-06 10:33:33,259 WARN o.a.j.t.JMeterThread: Interrupting: Scenario 1 1-4 sampler: Home Page
2019-02-06 10:33:33,260 INFO o.a.j.t.JMeterThread: Thread finished: Scenario 1 1-14
2019-02-06 10:33:33,260 INFO o.a.j.t.JMeterThread: Stopping: Scenario 1 1-20
2019-02-06 10:33:33,260 WARN o.a.j.t.JMeterThread: Interrupting: Scenario 1 1-20 sampler: Home Page
2019-02-06 10:33:33,261 INFO o.a.j.t.JMeterThread: Stopping: Scenario 1 1-11
2019-02-06 10:33:33,261 INFO o.a.j.t.JMeterThread: Thread finished: Scenario 1 1-4
2019-02-06 10:33:33,261 WARN o.a.j.t.JMeterThread: Interrupting: Scenario 1 1-11 sampler: Home Page
2019-02-06 10:33:33,262 INFO o.a.j.t.JMeterThread: Stopping: Scenario 1 1-12
2019-02-06 10:33:33,262 WARN o.a.j.t.JMeterThread: Interrupting: Scenario 1 1-12 sampler: Home Page
2019-02-06 10:33:33,262 INFO o.a.j.t.JMeterThread: Thread finished: Scenario 1 1-20
2019-02-06 10:33:33,263 INFO o.a.j.t.JMeterThread: Stopping: Scenario 1 1-15
2019-02-06 10:33:33,263 INFO o.a.j.t.JMeterThread: Thread finished: Scenario 1 1-11
2019-02-06 10:33:33,263 WARN o.a.j.t.JMeterThread: Interrupting: Scenario 1 1-15 sampler: Home Page
2019-02-06 10:33:33,264 INFO o.a.j.t.JMeterThread: Stopping: Scenario 1 1-2
2019-02-06 10:33:33,264 WARN o.a.j.t.JMeterThread: Interrupting: Scenario 1 1-2 sampler: Home Page
2019-02-06 10:33:33,264 INFO o.a.j.t.JMeterThread: Thread finished: Scenario 1 1-12
2019-02-06 10:33:33,265 INFO o.a.j.t.JMeterThread: Stopping: Scenario 1 1-17
2019-02-06 10:33:33,265 INFO o.a.j.t.JMeterThread: Thread finished: Scenario 1 1-15
2019-02-06 10:33:33,265 WARN o.a.j.t.JMeterThread: Interrupting: Scenario 1 1-17 sampler: Home Page
2019-02-06 10:33:33,265 INFO o.a.j.t.JMeterThread: Stopping: Scenario 1 1-19
2019-02-06 10:33:33,266 WARN o.a.j.t.JMeterThread: Interrupting: Scenario 1 1-19 sampler: Home Page
2019-02-06 10:33:33,265 INFO o.a.j.t.JMeterThread: Thread finished: Scenario 1 1-2
2019-02-06 10:33:33,266 INFO o.a.j.t.JMeterThread: Stopping: Scenario 1 1-10
2019-02-06 10:33:33,266 WARN o.a.j.t.JMeterThread: Interrupting: Scenario 1 1-10 sampler: Home Page
2019-02-06 10:33:33,266 INFO o.a.j.t.JMeterThread: Thread finished: Scenario 1 1-17
2019-02-06 10:33:33,267 INFO o.a.j.t.JMeterThread: Stopping: Scenario 1 1-18
2019-02-06 10:33:33,267 WARN o.a.j.t.JMeterThread: Interrupting: Scenario 1 1-18 sampler: Home Page
2019-02-06 10:33:33,267 INFO o.a.j.t.JMeterThread: Thread finished: Scenario 1 1-19
2019-02-06 10:33:33,268 INFO o.a.j.t.JMeterThread: Stopping: Scenario 1 1-6
2019-02-06 10:33:33,268 INFO o.a.j.t.JMeterThread: Thread finished: Scenario 1 1-10
2019-02-06 10:33:33,268 WARN o.a.j.t.JMeterThread: Interrupting: Scenario 1 1-6 sampler: Home Page
2019-02-06 10:33:33,269 INFO o.a.j.t.JMeterThread: Stopping: Scenario 1 1-1
2019-02-06 10:33:33,269 WARN o.a.j.t.JMeterThread: Interrupting: Scenario 1 1-1 sampler: Home Page
2019-02-06 10:33:33,269 INFO o.a.j.t.JMeterThread: Thread finished: Scenario 1 1-18
2019-02-06 10:33:33,269 INFO o.a.j.t.JMeterThread: Stopping: Scenario 1 1-16
2019-02-06 10:33:33,270 INFO o.a.j.t.JMeterThread: Thread finished: Scenario 1 1-6
2019-02-06 10:33:33,270 WARN o.a.j.t.JMeterThread: Interrupting: Scenario 1 1-16 sampler: Home Page
2019-02-06 10:33:33,270 INFO o.a.j.t.JMeterThread: Stopping: Scenario 1 1-3
2019-02-06 10:33:33,270 WARN o.a.j.t.JMeterThread: Interrupting: Scenario 1 1-3 sampler: Home Page
2019-02-06 10:33:33,270 INFO o.a.j.t.JMeterThread: Thread finished: Scenario 1 1-1
2019-02-06 10:33:33,272 INFO o.a.j.t.JMeterThread: Thread finished: Scenario 1 1-16
2019-02-06 10:33:33,272 INFO o.a.j.t.JMeterThread: Thread finished: Scenario 1 1-3
2019-02-06 10:33:33,272 INFO o.a.j.e.StandardJMeterEngine: Notifying test listeners of end of test
2019-02-06 10:33:33,272 INFO o.a.j.g.u.JMeterMenuBar: setRunning(false, *local*)
2019-02-06 10:34:20,885 INFO o.a.j.e.StandardJMeterEngine: Running the test!
2019-02-06 10:34:20,886 INFO o.a.j.s.SampleEvent: List of sample_variables: []
2019-02-06 10:34:20,886 INFO o.a.j.g.u.JMeterMenuBar: setRunning(true, *local*)
2019-02-06 10:34:21,105 INFO o.a.j.e.StandardJMeterEngine: Starting ThreadGroup: 1 : Scenario 1
2019-02-06 10:34:21,105 INFO o.a.j.e.StandardJMeterEngine: Starting 20 threads for group Scenario 1.
2019-02-06 10:34:21,105 INFO o.a.j.e.StandardJMeterEngine: Thread will continue on error
2019-02-06 10:34:21,105 INFO o.a.j.t.ThreadGroup: Starting thread group... number=1 threads=20 ramp-up=1 perThread=50.0 delayedStart=false
2019-02-06 10:34:21,106 INFO o.a.j.t.JMeterThread: Thread started: Scenario 1 1-1
2019-02-06 10:34:21,109 INFO o.a.j.t.ThreadGroup: Started thread group number 1
2019-02-06 10:34:21,109 INFO o.a.j.e.StandardJMeterEngine: All thread groups have been started
2019-02-06 10:34:21,156 INFO o.a.j.t.JMeterThread: Thread started: Scenario 1 1-2
2019-02-06 10:34:21,208 INFO o.a.j.t.JMeterThread: Thread started: Scenario 1 1-3
2019-02-06 10:34:21,257 INFO o.a.j.t.JMeterThread: Thread started: Scenario 1 1-4
2019-02-06 10:34:21,308 INFO o.a.j.t.JMeterThread: Thread started: Scenario 1 1-5
2019-02-06 10:34:21,357 INFO o.a.j.t.JMeterThread: Thread started: Scenario 1 1-6
2019-02-06 10:34:21,408 INFO o.a.j.t.JMeterThread: Thread started: Scenario 1 1-7
2019-02-06 10:34:21,458 INFO o.a.j.t.JMeterThread: Thread started: Scenario 1 1-8
2019-02-06 10:34:21,509 INFO o.a.j.t.JMeterThread: Thread started: Scenario 1 1-9
2019-02-06 10:34:21,560 INFO o.a.j.t.JMeterThread: Thread started: Scenario 1 1-10
2019-02-06 10:34:21,610 INFO o.a.j.t.JMeterThread: Thread started: Scenario 1 1-11
2019-02-06 10:34:21,658 INFO o.a.j.t.JMeterThread: Thread started: Scenario 1 1-12
2019-02-06 10:34:21,708 INFO o.a.j.t.JMeterThread: Thread started: Scenario 1 1-13
2019-02-06 10:34:21,758 INFO o.a.j.t.JMeterThread: Thread started: Scenario 1 1-14
2019-02-06 10:34:21,809 INFO o.a.j.t.JMeterThread: Thread started: Scenario 1 1-15
2019-02-06 10:34:21,858 INFO o.a.j.t.JMeterThread: Thread started: Scenario 1 1-16
2019-02-06 10:34:21,908 INFO o.a.j.t.JMeterThread: Thread started: Scenario 1 1-17
2019-02-06 10:34:21,959 INFO o.a.j.t.JMeterThread: Thread started: Scenario 1 1-18
2019-02-06 10:34:22,011 INFO o.a.j.t.JMeterThread: Thread started: Scenario 1 1-19
2019-02-06 10:34:22,061 INFO o.a.j.t.JMeterThread: Thread started: Scenario 1 1-20
2019-02-06 10:38:11,876 WARN o.a.j.u.JMeterUtils: ERROR! Resource string not found: [label]
2019-02-06 10:38:11,893 WARN o.a.j.u.JMeterUtils: ERROR! Resource string not found: [label]
2019-02-06 10:38:11,894 WARN o.a.j.u.JMeterUtils: ERROR! Resource string not found: [label]
2019-02-06 10:38:11,894 WARN o.a.j.u.JMeterUtils: ERROR! Resource string not found: [label]
2019-02-06 10:38:11,895 WARN o.a.j.u.JMeterUtils: ERROR! Resource string not found: [label]
2019-02-06 10:38:11,896 WARN o.a.j.u.JMeterUtils: ERROR! Resource string not found: [label]
2019-02-06 10:38:11,896 WARN o.a.j.u.JMeterUtils: ERROR! Resource string not found: [#_samples]
2019-02-06 10:38:11,896 WARN o.a.j.u.JMeterUtils: ERROR! Resource string not found: [median]
2019-02-06 10:38:11,897 WARN o.a.j.u.JMeterUtils: ERROR! Resource string not found: [90%_line]
2019-02-06 10:38:11,897 WARN o.a.j.u.JMeterUtils: ERROR! Resource string not found: [95%_line]
2019-02-06 10:38:11,897 WARN o.a.j.u.JMeterUtils: ERROR! Resource string not found: [99%_line]
2019-02-06 10:38:11,897 WARN o.a.j.u.JMeterUtils: ERROR! Resource string not found: [min]
2019-02-06 10:38:11,897 WARN o.a.j.u.JMeterUtils: ERROR! Resource string not found: [error_%]
2019-02-06 10:38:11,897 WARN o.a.j.u.JMeterUtils: ERROR! Resource string not found: [throughput]
2019-02-06 10:38:11,897 WARN o.a.j.u.JMeterUtils: ERROR! Resource string not found: [received_kb/sec]
2019-02-06 10:38:11,897 WARN o.a.j.u.JMeterUtils: ERROR! Resource string not found: [sent_kb/sec]
2019-02-06 10:38:11,910 WARN o.a.j.u.JMeterUtils: ERROR! Resource string not found: [label]
2019-02-06 10:38:11,911 WARN o.a.j.u.JMeterUtils: ERROR! Resource string not found: [label]
2019-02-06 10:38:20,147 INFO o.a.j.g.a.Start: Stopping test
2019-02-06 10:38:20,167 INFO o.a.j.t.JMeterThread: Stopping: Scenario 1 1-18
2019-02-06 10:38:20,167 WARN o.a.j.t.JMeterThread: Interrupting: Scenario 1 1-18 sampler: Home Page
2019-02-06 10:38:20,168 INFO o.a.j.t.JMeterThread: Stopping: Scenario 1 1-2
2019-02-06 10:38:20,168 WARN o.a.j.t.JMeterThread: Interrupting: Scenario 1 1-2 sampler: Home Page
2019-02-06 10:38:20,169 INFO o.a.j.t.JMeterThread: Stopping: Scenario 1 1-5
2019-02-06 10:38:20,169 WARN o.a.j.t.JMeterThread: Interrupting: Scenario 1 1-5 sampler: Home Page
2019-02-06 10:38:20,170 INFO o.a.j.t.JMeterThread: Thread finished: Scenario 1 1-18
2019-02-06 10:38:20,170 INFO o.a.j.t.JMeterThread: Stopping: Scenario 1 1-7
2019-02-06 10:38:20,170 INFO o.a.j.t.JMeterThread: Thread finished: Scenario 1 1-2
2019-02-06 10:38:20,170 WARN o.a.j.t.JMeterThread: Interrupting: Scenario 1 1-7 sampler: Home Page
2019-02-06 10:38:20,171 INFO o.a.j.t.JMeterThread: Stopping: Scenario 1 1-9
2019-02-06 10:38:20,171 WARN o.a.j.t.JMeterThread: Interrupting: Scenario 1 1-9 sampler: Home Page
2019-02-06 10:38:20,171 INFO o.a.j.t.JMeterThread: Thread finished: Scenario 1 1-5
2019-02-06 10:38:20,172 INFO o.a.j.t.JMeterThread: Stopping: Scenario 1 1-11
2019-02-06 10:38:20,172 WARN o.a.j.t.JMeterThread: Interrupting: Scenario 1 1-11 sampler: Home Page
2019-02-06 10:38:20,172 INFO o.a.j.t.JMeterThread: Thread finished: Scenario 1 1-7
2019-02-06 10:38:20,173 INFO o.a.j.t.JMeterThread: Stopping: Scenario 1 1-12
2019-02-06 10:38:20,173 INFO o.a.j.t.JMeterThread: Thread finished: Scenario 1 1-9
2019-02-06 10:38:20,173 WARN o.a.j.t.JMeterThread: Interrupting: Scenario 1 1-12 sampler: Home Page
2019-02-06 10:38:20,174 INFO o.a.j.t.JMeterThread: Stopping: Scenario 1 1-20
2019-02-06 10:38:20,174 INFO o.a.j.t.JMeterThread: Thread finished: Scenario 1 1-11
2019-02-06 10:38:20,174 WARN o.a.j.t.JMeterThread: Interrupting: Scenario 1 1-20 sampler: Home Page
2019-02-06 10:38:20,175 INFO o.a.j.t.JMeterThread: Stopping: Scenario 1 1-14
2019-02-06 10:38:20,175 INFO o.a.j.t.JMeterThread: Thread finished: Scenario 1 1-12
2019-02-06 10:38:20,175 WARN o.a.j.t.JMeterThread: Interrupting: Scenario 1 1-14 sampler: Home Page
2019-02-06 10:38:20,176 INFO o.a.j.t.JMeterThread: Stopping: Scenario 1 1-19
2019-02-06 10:38:20,176 WARN o.a.j.t.JMeterThread: Interrupting: Scenario 1 1-19 sampler: Home Page
2019-02-06 10:38:20,176 INFO o.a.j.t.JMeterThread: Thread finished: Scenario 1 1-20
2019-02-06 10:38:20,177 INFO o.a.j.t.JMeterThread: Stopping: Scenario 1 1-10
2019-02-06 10:38:20,177 WARN o.a.j.t.JMeterThread: Interrupting: Scenario 1 1-10 sampler: Home Page
2019-02-06 10:38:20,177 INFO o.a.j.t.JMeterThread: Thread finished: Scenario 1 1-14
2019-02-06 10:38:20,177 INFO o.a.j.t.JMeterThread: Stopping: Scenario 1 1-1
2019-02-06 10:38:20,177 INFO o.a.j.t.JMeterThread: Thread finished: Scenario 1 1-19
2019-02-06 10:38:20,177 WARN o.a.j.t.JMeterThread: Interrupting: Scenario 1 1-1 sampler: Home Page
2019-02-06 10:38:20,178 INFO o.a.j.t.JMeterThread: Stopping: Scenario 1 1-15
2019-02-06 10:38:20,178 INFO o.a.j.t.JMeterThread: Thread finished: Scenario 1 1-10
2019-02-06 10:38:20,178 WARN o.a.j.t.JMeterThread: Interrupting: Scenario 1 1-15 sampler: Home Page
2019-02-06 10:38:20,179 INFO o.a.j.t.JMeterThread: Thread finished: Scenario 1 1-1
2019-02-06 10:38:20,179 INFO o.a.j.t.JMeterThread: Stopping: Scenario 1 1-16
2019-02-06 10:38:20,179 WARN o.a.j.t.JMeterThread: Interrupting: Scenario 1 1-16 sampler: Home Page
2019-02-06 10:38:20,179 INFO o.a.j.t.JMeterThread: Stopping: Scenario 1 1-6
2019-02-06 10:38:20,180 WARN o.a.j.t.JMeterThread: Interrupting: Scenario 1 1-6 sampler: Home Page
2019-02-06 10:38:20,180 INFO o.a.j.t.JMeterThread: Thread finished: Scenario 1 1-15
2019-02-06 10:38:20,180 INFO o.a.j.t.JMeterThread: Stopping: Scenario 1 1-8
2019-02-06 10:38:20,180 INFO o.a.j.t.JMeterThread: Thread finished: Scenario 1 1-16
2019-02-06 10:38:20,180 WARN o.a.j.t.JMeterThread: Interrupting: Scenario 1 1-8 sampler: Home Page
2019-02-06 10:38:20,181 INFO o.a.j.t.JMeterThread: Stopping: Scenario 1 1-3
2019-02-06 10:38:20,181 INFO o.a.j.t.JMeterThread: Thread finished: Scenario 1 1-6
2019-02-06 10:38:20,181 WARN o.a.j.t.JMeterThread: Interrupting: Scenario 1 1-3 sampler: Home Page
2019-02-06 10:38:20,182 INFO o.a.j.t.JMeterThread: Stopping: Scenario 1 1-13
2019-02-06 10:38:20,182 WARN o.a.j.t.JMeterThread: Interrupting: Scenario 1 1-13 sampler: Home Page
2019-02-06 10:38:20,182 INFO o.a.j.t.JMeterThread: Thread finished: Scenario 1 1-8
2019-02-06 10:38:20,183 INFO o.a.j.t.JMeterThread: Stopping: Scenario 1 1-17
2019-02-06 10:38:20,183 WARN o.a.j.t.JMeterThread: Interrupting: Scenario 1 1-17 sampler: Home Page
2019-02-06 10:38:20,184 INFO o.a.j.t.JMeterThread: Thread finished: Scenario 1 1-3
2019-02-06 10:38:20,184 INFO o.a.j.t.JMeterThread: Thread finished: Scenario 1 1-13
2019-02-06 10:38:20,184 INFO o.a.j.t.JMeterThread: Stopping: Scenario 1 1-4
2019-02-06 10:38:20,184 WARN o.a.j.t.JMeterThread: Interrupting: Scenario 1 1-4 sampler: Home Page
2019-02-06 10:38:20,186 INFO o.a.j.t.JMeterThread: Thread finished: Scenario 1 1-17
2019-02-06 10:38:20,186 INFO o.a.j.t.JMeterThread: Thread finished: Scenario 1 1-4
2019-02-06 10:38:20,187 INFO o.a.j.e.StandardJMeterEngine: Notifying test listeners of end of test
2019-02-06 10:38:20,187 INFO o.a.j.g.u.JMeterMenuBar: setRunning(false, *local*)
2019-02-06 10:38:25,107 WARN o.a.j.u.JMeterUtils: ERROR! Resource string not found: [label]
2019-02-06 10:38:25,117 WARN o.a.j.u.JMeterUtils: ERROR! Resource string not found: [label]
2019-02-06 10:38:25,118 WARN o.a.j.u.JMeterUtils: ERROR! Resource string not found: [label]
2019-02-06 10:38:25,119 WARN o.a.j.u.JMeterUtils: ERROR! Resource string not found: [label]
2019-02-06 10:38:25,119 WARN o.a.j.u.JMeterUtils: ERROR! Resource string not found: [#_samples]
2019-02-06 10:38:25,119 WARN o.a.j.u.JMeterUtils: ERROR! Resource string not found: [median]
2019-02-06 10:38:25,119 WARN o.a.j.u.JMeterUtils: ERROR! Resource string not found: [90%_line]
2019-02-06 10:38:25,119 WARN o.a.j.u.JMeterUtils: ERROR! Resource string not found: [95%_line]
2019-02-06 10:38:25,120 WARN o.a.j.u.JMeterUtils: ERROR! Resource string not found: [99%_line]
2019-02-06 10:38:25,120 WARN o.a.j.u.JMeterUtils: ERROR! Resource string not found: [min]
2019-02-06 10:38:25,120 WARN o.a.j.u.JMeterUtils: ERROR! Resource string not found: [error_%]
2019-02-06 10:38:25,120 WARN o.a.j.u.JMeterUtils: ERROR! Resource string not found: [throughput]
2019-02-06 10:38:25,120 WARN o.a.j.u.JMeterUtils: ERROR! Resource string not found: [received_kb/sec]
2019-02-06 10:38:25,120 WARN o.a.j.u.JMeterUtils: ERROR! Resource string not found: [sent_kb/sec]
2019-02-06 10:38:29,060 WARN o.a.j.u.JMeterUtils: ERROR! Resource string not found: [label]
2019-02-06 10:38:29,073 WARN o.a.j.u.JMeterUtils: ERROR! Resource string not found: [label]
2019-02-06 10:38:29,073 WARN o.a.j.u.JMeterUtils: ERROR! Resource string not found: [label]
2019-02-06 10:38:29,074 WARN o.a.j.u.JMeterUtils: ERROR! Resource string not found: [label]
2019-02-06 10:38:29,074 WARN o.a.j.u.JMeterUtils: ERROR! Resource string not found: [#_samples]
2019-02-06 10:38:29,074 WARN o.a.j.u.JMeterUtils: ERROR! Resource string not found: [median]
2019-02-06 10:38:29,074 WARN o.a.j.u.JMeterUtils: ERROR! Resource string not found: [90%_line]
2019-02-06 10:38:29,074 WARN o.a.j.u.JMeterUtils: ERROR! Resource string not found: [95%_line]
2019-02-06 10:38:29,074 WARN o.a.j.u.JMeterUtils: ERROR! Resource string not found: [99%_line]
2019-02-06 10:38:29,074 WARN o.a.j.u.JMeterUtils: ERROR! Resource string not found: [min]
2019-02-06 10:38:29,074 WARN o.a.j.u.JMeterUtils: ERROR! Resource string not found: [error_%]
2019-02-06 10:38:29,074 WARN o.a.j.u.JMeterUtils: ERROR! Resource string not found: [throughput]
2019-02-06 10:38:29,074 WARN o.a.j.u.JMeterUtils: ERROR! Resource string not found: [received_kb/sec]
2019-02-06 10:38:29,075 WARN o.a.j.u.JMeterUtils: ERROR! Resource string not found: [sent_kb/sec]
2019-02-06 10:38:35,504 WARN o.a.j.u.JMeterUtils: ERROR! Resource string not found: [label]
2019-02-06 10:38:35,514 WARN o.a.j.u.JMeterUtils: ERROR! Resource string not found: [label]
2019-02-06 10:38:35,514 WARN o.a.j.u.JMeterUtils: ERROR! Resource string not found: [label]
2019-02-06 10:38:35,516 WARN o.a.j.u.JMeterUtils: ERROR! Resource string not found: [label]
2019-02-06 10:38:35,516 WARN o.a.j.u.JMeterUtils: ERROR! Resource string not found: [#_samples]
2019-02-06 10:38:35,516 WARN o.a.j.u.JMeterUtils: ERROR! Resource string not found: [median]
2019-02-06 10:38:35,516 WARN o.a.j.u.JMeterUtils: ERROR! Resource string not found: [90%_line]
2019-02-06 10:38:35,516 WARN o.a.j.u.JMeterUtils: ERROR! Resource string not found: [95%_line]
2019-02-06 10:38:35,516 WARN o.a.j.u.JMeterUtils: ERROR! Resource string not found: [99%_line]
2019-02-06 10:38:35,516 WARN o.a.j.u.JMeterUtils: ERROR! Resource string not found: [min]
2019-02-06 10:38:35,516 WARN o.a.j.u.JMeterUtils: ERROR! Resource string not found: [error_%]
2019-02-06 10:38:35,516 WARN o.a.j.u.JMeterUtils: ERROR! Resource string not found: [throughput]
2019-02-06 10:38:35,516 WARN o.a.j.u.JMeterUtils: ERROR! Resource string not found: [received_kb/sec]
2019-02-06 10:38:35,516 WARN o.a.j.u.JMeterUtils: ERROR! Resource string not found: [sent_kb/sec]
2019-02-06 10:38:37,099 WARN o.a.j.u.JMeterUtils: ERROR! Resource string not found: [label]
2019-02-06 10:38:37,100 WARN o.a.j.u.JMeterUtils: ERROR! Resource string not found: [#_samples]
2019-02-06 10:38:37,100 WARN o.a.j.u.JMeterUtils: ERROR! Resource string not found: [median]
2019-02-06 10:38:37,100 WARN o.a.j.u.JMeterUtils: ERROR! Resource string not found: [90%_line]
2019-02-06 10:38:37,100 WARN o.a.j.u.JMeterUtils: ERROR! Resource string not found: [95%_line]
2019-02-06 10:38:37,100 WARN o.a.j.u.JMeterUtils: ERROR! Resource string not found: [99%_line]
2019-02-06 10:38:37,100 WARN o.a.j.u.JMeterUtils: ERROR! Resource string not found: [min]
2019-02-06 10:38:37,100 WARN o.a.j.u.JMeterUtils: ERROR! Resource string not found: [error_%]
2019-02-06 10:38:37,100 WARN o.a.j.u.JMeterUtils: ERROR! Resource string not found: [throughput]
2019-02-06 10:38:37,100 WARN o.a.j.u.JMeterUtils: ERROR! Resource string not found: [received_kb/sec]
2019-02-06 10:38:37,101 WARN o.a.j.u.JMeterUtils: ERROR! Resource string not found: [sent_kb/sec]
2019-02-06 10:38:47,101 INFO o.a.j.e.StandardJMeterEngine: Running the test!
2019-02-06 10:38:47,102 INFO o.a.j.s.SampleEvent: List of sample_variables: []
2019-02-06 10:38:47,102 INFO o.a.j.g.u.JMeterMenuBar: setRunning(true, *local*)
2019-02-06 10:38:47,273 INFO o.a.j.e.StandardJMeterEngine: Starting ThreadGroup: 1 : Scenario 1
2019-02-06 10:38:47,273 INFO o.a.j.e.StandardJMeterEngine: Starting 20 threads for group Scenario 1.
2019-02-06 10:38:47,273 INFO o.a.j.e.StandardJMeterEngine: Thread will continue on error
2019-02-06 10:38:47,274 INFO o.a.j.t.ThreadGroup: Starting thread group... number=1 threads=20 ramp-up=1 perThread=50.0 delayedStart=false
2019-02-06 10:38:47,274 INFO o.a.j.t.JMeterThread: Thread started: Scenario 1 1-1
2019-02-06 10:38:47,277 INFO o.a.j.t.ThreadGroup: Started thread group number 1
2019-02-06 10:38:47,277 INFO o.a.j.e.StandardJMeterEngine: All thread groups have been started
2019-02-06 10:38:47,326 INFO o.a.j.t.JMeterThread: Thread started: Scenario 1 1-2
2019-02-06 10:38:47,377 INFO o.a.j.t.JMeterThread: Thread started: Scenario 1 1-3
2019-02-06 10:38:47,425 INFO o.a.j.t.JMeterThread: Thread started: Scenario 1 1-4
2019-02-06 10:38:47,480 INFO o.a.j.t.JMeterThread: Thread started: Scenario 1 1-5
2019-02-06 10:38:47,525 INFO o.a.j.t.JMeterThread: Thread started: Scenario 1 1-6
2019-02-06 10:38:47,580 INFO o.a.j.t.JMeterThread: Thread started: Scenario 1 1-7
2019-02-06 10:38:47,628 INFO o.a.j.t.JMeterThread: Thread started: Scenario 1 1-8
2019-02-06 10:38:47,676 INFO o.a.j.t.JMeterThread: Thread started: Scenario 1 1-9
2019-02-06 10:38:47,726 INFO o.a.j.t.JMeterThread: Thread started: Scenario 1 1-10
2019-02-06 10:38:47,776 INFO o.a.j.t.JMeterThread: Thread started: Scenario 1 1-11
2019-02-06 10:38:47,828 INFO o.a.j.t.JMeterThread: Thread started: Scenario 1 1-12
2019-02-06 10:38:47,879 INFO o.a.j.t.JMeterThread: Thread started: Scenario 1 1-13
2019-02-06 10:38:47,926 INFO o.a.j.t.JMeterThread: Thread started: Scenario 1 1-14
2019-02-06 10:38:47,980 INFO o.a.j.t.JMeterThread: Thread started: Scenario 1 1-15
2019-02-06 10:38:48,029 INFO o.a.j.t.JMeterThread: Thread started: Scenario 1 1-16
2019-02-06 10:38:48,082 INFO o.a.j.t.JMeterThread: Thread started: Scenario 1 1-17
2019-02-06 10:38:48,127 INFO o.a.j.t.JMeterThread: Thread started: Scenario 1 1-18
2019-02-06 10:38:48,180 INFO o.a.j.t.JMeterThread: Thread started: Scenario 1 1-19
2019-02-06 10:38:48,229 INFO o.a.j.t.JMeterThread: Thread started: Scenario 1 1-20
2019-02-06 10:38:48,801 WARN o.a.j.u.JMeterUtils: ERROR! Resource string not found: [label]
2019-02-06 10:38:48,815 WARN o.a.j.u.JMeterUtils: ERROR! Resource string not found: [label]
2019-02-06 10:38:48,815 WARN o.a.j.u.JMeterUtils: ERROR! Resource string not found: [label]
2019-02-06 10:38:48,816 WARN o.a.j.u.JMeterUtils: ERROR! Resource string not found: [label]
2019-02-06 10:38:48,816 WARN o.a.j.u.JMeterUtils: ERROR! Resource string not found: [#_samples]
2019-02-06 10:38:48,816 WARN o.a.j.u.JMeterUtils: ERROR! Resource string not found: [median]
2019-02-06 10:38:48,816 WARN o.a.j.u.JMeterUtils: ERROR! Resource string not found: [90%_line]
2019-02-06 10:38:48,816 WARN o.a.j.u.JMeterUtils: ERROR! Resource string not found: [95%_line]
2019-02-06 10:38:48,816 WARN o.a.j.u.JMeterUtils: ERROR! Resource string not found: [99%_line]
2019-02-06 10:38:48,817 WARN o.a.j.u.JMeterUtils: ERROR! Resource string not found: [min]
2019-02-06 10:38:48,817 WARN o.a.j.u.JMeterUtils: ERROR! Resource string not found: [error_%]
2019-02-06 10:38:48,817 WARN o.a.j.u.JMeterUtils: ERROR! Resource string not found: [throughput]
2019-02-06 10:38:48,817 WARN o.a.j.u.JMeterUtils: ERROR! Resource string not found: [received_kb/sec]
2019-02-06 10:38:48,817 WARN o.a.j.u.JMeterUtils: ERROR! Resource string not found: [sent_kb/sec]
2019-02-06 10:38:48,873 WARN o.a.j.u.JMeterUtils: ERROR! Resource string not found: [label]
2019-02-06 10:38:48,873 WARN o.a.j.u.JMeterUtils: ERROR! Resource string not found: [#_samples]
2019-02-06 10:38:48,874 WARN o.a.j.u.JMeterUtils: ERROR! Resource string not found: [median]
2019-02-06 10:38:48,874 WARN o.a.j.u.JMeterUtils: ERROR! Resource string not found: [90%_line]
2019-02-06 10:38:48,874 WARN o.a.j.u.JMeterUtils: ERROR! Resource string not found: [95%_line]
2019-02-06 10:38:48,874 WARN o.a.j.u.JMeterUtils: ERROR! Resource string not found: [99%_line]
2019-02-06 10:38:48,874 WARN o.a.j.u.JMeterUtils: ERROR! Resource string not found: [min]
2019-02-06 10:38:48,874 WARN o.a.j.u.JMeterUtils: ERROR! Resource string not found: [error_%]
2019-02-06 10:38:48,874 WARN o.a.j.u.JMeterUtils: ERROR! Resource string not found: [throughput]
2019-02-06 10:38:48,874 WARN o.a.j.u.JMeterUtils: ERROR! Resource string not found: [received_kb/sec]
2019-02-06 10:38:48,874 WARN o.a.j.u.JMeterUtils: ERROR! Resource string not found: [sent_kb/sec]
2019-02-06 10:39:22,212 INFO o.a.j.g.a.Start: Stopping test
2019-02-06 10:39:22,231 INFO o.a.j.t.JMeterThread: Stopping: Scenario 1 1-3
2019-02-06 10:39:22,231 WARN o.a.j.t.JMeterThread: Interrupting: Scenario 1 1-3 sampler: Home Page
2019-02-06 10:39:22,232 INFO o.a.j.t.JMeterThread: Stopping: Scenario 1 1-13
2019-02-06 10:39:22,232 WARN o.a.j.t.JMeterThread: Interrupting: Scenario 1 1-13 sampler: Home Page
2019-02-06 10:39:22,233 INFO o.a.j.t.JMeterThread: Stopping: Scenario 1 1-5
2019-02-06 10:39:22,233 WARN o.a.j.t.JMeterThread: Interrupting: Scenario 1 1-5 sampler: Home Page
2019-02-06 10:39:22,233 INFO o.a.j.t.JMeterThread: Thread finished: Scenario 1 1-3
2019-02-06 10:39:22,234 INFO o.a.j.t.JMeterThread: Stopping: Scenario 1 1-1
2019-02-06 10:39:22,234 WARN o.a.j.t.JMeterThread: Interrupting: Scenario 1 1-1 sampler: Home Page
2019-02-06 10:39:22,234 INFO o.a.j.t.JMeterThread: Thread finished: Scenario 1 1-13
2019-02-06 10:39:22,235 INFO o.a.j.t.JMeterThread: Stopping: Scenario 1 1-2
2019-02-06 10:39:22,235 WARN o.a.j.t.JMeterThread: Interrupting: Scenario 1 1-2 sampler: Home Page
2019-02-06 10:39:22,235 INFO o.a.j.t.JMeterThread: Thread finished: Scenario 1 1-5
2019-02-06 10:39:22,235 INFO o.a.j.t.JMeterThread: Stopping: Scenario 1 1-4
2019-02-06 10:39:22,235 WARN o.a.j.t.JMeterThread: Interrupting: Scenario 1 1-4 sampler: Home Page
2019-02-06 10:39:22,236 INFO o.a.j.t.JMeterThread: Stopping: Scenario 1 1-18
2019-02-06 10:39:22,236 WARN o.a.j.t.JMeterThread: Interrupting: Scenario 1 1-18 sampler: Home Page
2019-02-06 10:39:22,236 INFO o.a.j.t.JMeterThread: Thread finished: Scenario 1 1-1
2019-02-06 10:39:22,237 INFO o.a.j.t.JMeterThread: Thread finished: Scenario 1 1-2
2019-02-06 10:39:22,237 INFO o.a.j.t.JMeterThread: Stopping: Scenario 1 1-14
2019-02-06 10:39:22,237 WARN o.a.j.t.JMeterThread: Interrupting: Scenario 1 1-14 sampler: Home Page
2019-02-06 10:39:22,239 INFO o.a.j.t.JMeterThread: Thread finished: Scenario 1 1-4
2019-02-06 10:39:22,239 INFO o.a.j.t.JMeterThread: Stopping: Scenario 1 1-10
2019-02-06 10:39:22,239 INFO o.a.j.t.JMeterThread: Thread finished: Scenario 1 1-18
2019-02-06 10:39:22,239 WARN o.a.j.t.JMeterThread: Interrupting: Scenario 1 1-10 sampler: Home Page
2019-02-06 10:39:22,240 INFO o.a.j.t.JMeterThread: Thread finished: Scenario 1 1-14
2019-02-06 10:39:22,240 INFO o.a.j.t.JMeterThread: Stopping: Scenario 1 1-7
2019-02-06 10:39:22,240 WARN o.a.j.t.JMeterThread: Interrupting: Scenario 1 1-7 sampler: Home Page
2019-02-06 10:39:22,240 INFO o.a.j.t.JMeterThread: Stopping: Scenario 1 1-19
2019-02-06 10:39:22,240 WARN o.a.j.t.JMeterThread: Interrupting: Scenario 1 1-19 sampler: Home Page
2019-02-06 10:39:22,241 INFO o.a.j.t.JMeterThread: Thread finished: Scenario 1 1-10
2019-02-06 10:39:22,241 INFO o.a.j.t.JMeterThread: Thread finished: Scenario 1 1-7
2019-02-06 10:39:22,241 INFO o.a.j.t.JMeterThread: Stopping: Scenario 1 1-15
2019-02-06 10:39:22,241 WARN o.a.j.t.JMeterThread: Interrupting: Scenario 1 1-15 sampler: Home Page
2019-02-06 10:39:22,242 INFO o.a.j.t.JMeterThread: Stopping: Scenario 1 1-12
2019-02-06 10:39:22,242 WARN o.a.j.t.JMeterThread: Interrupting: Scenario 1 1-12 sampler: Home Page
2019-02-06 10:39:22,242 INFO o.a.j.t.JMeterThread: Stopping: Scenario 1 1-16
2019-02-06 10:39:22,242 WARN o.a.j.t.JMeterThread: Interrupting: Scenario 1 1-16 sampler: Home Page
2019-02-06 10:39:22,243 INFO o.a.j.t.JMeterThread: Thread finished: Scenario 1 1-19
2019-02-06 10:39:22,243 INFO o.a.j.t.JMeterThread: Thread finished: Scenario 1 1-15
2019-02-06 10:39:22,243 INFO o.a.j.t.JMeterThread: Thread finished: Scenario 1 1-12
2019-02-06 10:39:22,243 INFO o.a.j.t.JMeterThread: Stopping: Scenario 1 1-8
2019-02-06 10:39:22,244 WARN o.a.j.t.JMeterThread: Interrupting: Scenario 1 1-8 sampler: Home Page
2019-02-06 10:39:22,244 INFO o.a.j.t.JMeterThread: Thread finished: Scenario 1 1-16
2019-02-06 10:39:22,245 INFO o.a.j.t.JMeterThread: Stopping: Scenario 1 1-17
2019-02-06 10:39:22,245 WARN o.a.j.t.JMeterThread: Interrupting: Scenario 1 1-17 sampler: Home Page
2019-02-06 10:39:22,245 INFO o.a.j.t.JMeterThread: Stopping: Scenario 1 1-11
2019-02-06 10:39:22,245 WARN o.a.j.t.JMeterThread: Interrupting: Scenario 1 1-11 sampler: Home Page
2019-02-06 10:39:22,246 INFO o.a.j.t.JMeterThread: Thread finished: Scenario 1 1-8
2019-02-06 10:39:22,246 INFO o.a.j.t.JMeterThread: Thread finished: Scenario 1 1-17
2019-02-06 10:39:22,247 INFO o.a.j.t.JMeterThread: Stopping: Scenario 1 1-6
2019-02-06 10:39:22,247 WARN o.a.j.t.JMeterThread: Interrupting: Scenario 1 1-6 sampler: Home Page
2019-02-06 10:39:22,247 INFO o.a.j.t.JMeterThread: Thread finished: Scenario 1 1-11
2019-02-06 10:39:22,248 INFO o.a.j.t.JMeterThread: Stopping: Scenario 1 1-20
2019-02-06 10:39:22,248 WARN o.a.j.t.JMeterThread: Interrupting: Scenario 1 1-20 sampler: Home Page
2019-02-06 10:39:22,248 INFO o.a.j.t.JMeterThread: Stopping: Scenario 1 1-9
2019-02-06 10:39:22,248 INFO o.a.j.t.JMeterThread: Thread finished: Scenario 1 1-6
2019-02-06 10:39:22,248 WARN o.a.j.t.JMeterThread: Interrupting: Scenario 1 1-9 sampler: Home Page
2019-02-06 10:39:22,250 INFO o.a.j.t.JMeterThread: Thread finished: Scenario 1 1-20
2019-02-06 10:39:22,252 INFO o.a.j.t.JMeterThread: Thread finished: Scenario 1 1-9
2019-02-06 10:39:22,252 INFO o.a.j.e.StandardJMeterEngine: Notifying test listeners of end of test
2019-02-06 10:39:22,252 INFO o.a.j.g.u.JMeterMenuBar: setRunning(false, *local*)
2019-02-06 10:39:28,498 WARN o.a.j.u.JMeterUtils: ERROR! Resource string not found: [label]
2019-02-06 10:39:28,510 WARN o.a.j.u.JMeterUtils: ERROR! Resource string not found: [label]
2019-02-06 10:39:28,510 WARN o.a.j.u.JMeterUtils: ERROR! Resource string not found: [label]
2019-02-06 10:39:28,511 WARN o.a.j.u.JMeterUtils: ERROR! Resource string not found: [label]
2019-02-06 10:39:28,511 WARN o.a.j.u.JMeterUtils: ERROR! Resource string not found: [#_samples]
2019-02-06 10:39:28,511 WARN o.a.j.u.JMeterUtils: ERROR! Resource string not found: [median]
2019-02-06 10:39:28,511 WARN o.a.j.u.JMeterUtils: ERROR! Resource string not found: [90%_line]
2019-02-06 10:39:28,511 WARN o.a.j.u.JMeterUtils: ERROR! Resource string not found: [95%_line]
2019-02-06 10:39:28,511 WARN o.a.j.u.JMeterUtils: ERROR! Resource string not found: [99%_line]
2019-02-06 10:39:28,511 WARN o.a.j.u.JMeterUtils: ERROR! Resource string not found: [min]
2019-02-06 10:39:28,511 WARN o.a.j.u.JMeterUtils: ERROR! Resource string not found: [error_%]
2019-02-06 10:39:28,511 WARN o.a.j.u.JMeterUtils: ERROR! Resource string not found: [throughput]
2019-02-06 10:39:28,511 WARN o.a.j.u.JMeterUtils: ERROR! Resource string not found: [received_kb/sec]
2019-02-06 10:39:28,511 WARN o.a.j.u.JMeterUtils: ERROR! Resource string not found: [sent_kb/sec]
2019-02-06 10:39:28,613 WARN o.a.j.u.JMeterUtils: ERROR! Resource string not found: [label]
2019-02-06 10:39:28,613 WARN o.a.j.u.JMeterUtils: ERROR! Resource string not found: [#_samples]
2019-02-06 10:39:28,613 WARN o.a.j.u.JMeterUtils: ERROR! Resource string not found: [median]
2019-02-06 10:39:28,613 WARN o.a.j.u.JMeterUtils: ERROR! Resource string not found: [90%_line]
2019-02-06 10:39:28,613 WARN o.a.j.u.JMeterUtils: ERROR! Resource string not found: [95%_line]
2019-02-06 10:39:28,613 WARN o.a.j.u.JMeterUtils: ERROR! Resource string not found: [99%_line]
2019-02-06 10:39:28,613 WARN o.a.j.u.JMeterUtils: ERROR! Resource string not found: [min]
2019-02-06 10:39:28,613 WARN o.a.j.u.JMeterUtils: ERROR! Resource string not found: [error_%]
2019-02-06 10:39:28,613 WARN o.a.j.u.JMeterUtils: ERROR! Resource string not found: [throughput]
2019-02-06 10:39:28,613 WARN o.a.j.u.JMeterUtils: ERROR! Resource string not found: [received_kb/sec]
2019-02-06 10:39:28,614 WARN o.a.j.u.JMeterUtils: ERROR! Resource string not found: [sent_kb/sec]
2019-02-06 10:39:30,371 WARN o.a.j.u.JMeterUtils: ERROR! Resource string not found: [label]
2019-02-06 10:39:30,372 WARN o.a.j.u.JMeterUtils: ERROR! Resource string not found: [#_samples]
2019-02-06 10:39:30,372 WARN o.a.j.u.JMeterUtils: ERROR! Resource string not found: [median]
2019-02-06 10:39:30,372 WARN o.a.j.u.JMeterUtils: ERROR! Resource string not found: [90%_line]
2019-02-06 10:39:30,372 WARN o.a.j.u.JMeterUtils: ERROR! Resource string not found: [95%_line]
2019-02-06 10:39:30,372 WARN o.a.j.u.JMeterUtils: ERROR! Resource string not found: [99%_line]
2019-02-06 10:39:30,372 WARN o.a.j.u.JMeterUtils: ERROR! Resource string not found: [min]
2019-02-06 10:39:30,372 WARN o.a.j.u.JMeterUtils: ERROR! Resource string not found: [error_%]
2019-02-06 10:39:30,372 WARN o.a.j.u.JMeterUtils: ERROR! Resource string not found: [throughput]
2019-02-06 10:39:30,372 WARN o.a.j.u.JMeterUtils: ERROR! Resource string not found: [received_kb/sec]
2019-02-06 10:39:30,372 WARN o.a.j.u.JMeterUtils: ERROR! Resource string not found: [sent_kb/sec]
2019-02-06 10:39:42,642 WARN o.a.j.u.JMeterUtils: ERROR! Resource string not found: [label]
2019-02-06 10:39:42,655 WARN o.a.j.u.JMeterUtils: ERROR! Resource string not found: [label]
2019-02-06 10:39:42,656 WARN o.a.j.u.JMeterUtils: ERROR! Resource string not found: [label]
2019-02-06 10:39:42,656 WARN o.a.j.u.JMeterUtils: ERROR! Resource string not found: [label]
2019-02-06 10:39:42,657 WARN o.a.j.u.JMeterUtils: ERROR! Resource string not found: [label]
2019-02-06 10:39:42,658 WARN o.a.j.u.JMeterUtils: ERROR! Resource string not found: [label]
2019-02-06 10:39:42,658 WARN o.a.j.u.JMeterUtils: ERROR! Resource string not found: [#_samples]
2019-02-06 10:39:42,658 WARN o.a.j.u.JMeterUtils: ERROR! Resource string not found: [median]
2019-02-06 10:39:42,658 WARN o.a.j.u.JMeterUtils: ERROR! Resource string not found: [90%_line]
2019-02-06 10:39:42,658 WARN o.a.j.u.JMeterUtils: ERROR! Resource string not found: [95%_line]
2019-02-06 10:39:42,658 WARN o.a.j.u.JMeterUtils: ERROR! Resource string not found: [99%_line]
2019-02-06 10:39:42,658 WARN o.a.j.u.JMeterUtils: ERROR! Resource string not found: [min]
2019-02-06 10:39:42,658 WARN o.a.j.u.JMeterUtils: ERROR! Resource string not found: [error_%]
2019-02-06 10:39:42,658 WARN o.a.j.u.JMeterUtils: ERROR! Resource string not found: [throughput]
2019-02-06 10:39:42,658 WARN o.a.j.u.JMeterUtils: ERROR! Resource string not found: [received_kb/sec]
2019-02-06 10:39:42,658 WARN o.a.j.u.JMeterUtils: ERROR! Resource string not found: [sent_kb/sec]
2019-02-06 10:39:42,670 WARN o.a.j.u.JMeterUtils: ERROR! Resource string not found: [label]
2019-02-06 10:39:42,671 WARN o.a.j.u.JMeterUtils: ERROR! Resource string not found: [label]
2019-02-06 10:44:31,643 INFO o.a.j.e.StandardJMeterEngine: Running the test!
2019-02-06 10:44:31,643 INFO o.a.j.s.SampleEvent: List of sample_variables: []
2019-02-06 10:44:31,644 INFO o.a.j.g.u.JMeterMenuBar: setRunning(true, *local*)
2019-02-06 10:44:31,763 INFO o.a.j.e.StandardJMeterEngine: Starting ThreadGroup: 1 : Scenario 1
2019-02-06 10:44:31,763 INFO o.a.j.e.StandardJMeterEngine: Starting 20 threads for group Scenario 1.
2019-02-06 10:44:31,763 INFO o.a.j.e.StandardJMeterEngine: Thread will continue on error
2019-02-06 10:44:31,763 INFO o.a.j.t.ThreadGroup: Starting thread group... number=1 threads=20 ramp-up=1 perThread=50.0 delayedStart=false
2019-02-06 10:44:31,763 INFO o.a.j.t.JMeterThread: Thread started: Scenario 1 1-1
2019-02-06 10:44:31,766 INFO o.a.j.t.ThreadGroup: Started thread group number 1
2019-02-06 10:44:31,766 INFO o.a.j.e.StandardJMeterEngine: All thread groups have been started
2019-02-06 10:44:31,819 INFO o.a.j.t.JMeterThread: Thread started: Scenario 1 1-2
2019-02-06 10:44:31,869 INFO o.a.j.t.JMeterThread: Thread started: Scenario 1 1-3
2019-02-06 10:44:31,919 INFO o.a.j.t.JMeterThread: Thread started: Scenario 1 1-4
2019-02-06 10:44:31,969 INFO o.a.j.t.JMeterThread: Thread started: Scenario 1 1-5
2019-02-06 10:44:32,019 INFO o.a.j.t.JMeterThread: Thread started: Scenario 1 1-6
2019-02-06 10:44:32,069 INFO o.a.j.t.JMeterThread: Thread started: Scenario 1 1-7
2019-02-06 10:44:32,118 INFO o.a.j.t.JMeterThread: Thread started: Scenario 1 1-8
2019-02-06 10:44:32,168 INFO o.a.j.t.JMeterThread: Thread started: Scenario 1 1-9
2019-02-06 10:44:32,217 INFO o.a.j.t.JMeterThread: Thread started: Scenario 1 1-10
2019-02-06 10:44:32,269 INFO o.a.j.t.JMeterThread: Thread started: Scenario 1 1-11
2019-02-06 10:44:32,319 INFO o.a.j.t.JMeterThread: Thread started: Scenario 1 1-12
2019-02-06 10:44:32,369 INFO o.a.j.t.JMeterThread: Thread started: Scenario 1 1-13
2019-02-06 10:44:32,419 INFO o.a.j.t.JMeterThread: Thread started: Scenario 1 1-14
2019-02-06 10:44:32,469 INFO o.a.j.t.JMeterThread: Thread started: Scenario 1 1-15
2019-02-06 10:44:32,519 INFO o.a.j.t.JMeterThread: Thread started: Scenario 1 1-16
2019-02-06 10:44:32,570 INFO o.a.j.t.JMeterThread: Thread started: Scenario 1 1-17
2019-02-06 10:44:32,619 INFO o.a.j.t.JMeterThread: Thread started: Scenario 1 1-18
2019-02-06 10:44:32,671 INFO o.a.j.t.JMeterThread: Thread started: Scenario 1 1-19
2019-02-06 10:44:32,719 INFO o.a.j.t.JMeterThread: Thread started: Scenario 1 1-20
